nil
nil
nil
"/usr/local/eus/lisp"
t
nil
nil
t
t
nil
#<package #X556d35974128 LISP>
nil
"../../Linux64/obj/"
nil
"readmacro.l"
"common.l"
"pprint.l"
"stream.l"
"loader.l"
nil
"eusdebug.l"
"process.l"
"packsym.l"
"object.l"
"string.l"
"array.l"
"hashtab.l"
"eusforeign.l"
nil
"mathtran.l"
"toplevel.l"
"tty.l"
nil
"history.l"
"cyclic.l"
"eushelp.l"
#<package #X556d35a770e0 GEOMETRY>
"coordinates.l"
#<package #X556d35974320 SYSTEM>
"par.l"
#<package #X556d35974128 LISP>
"euscomp finished."
"euscomp finished."
t
"/usr/local/eus/lisp"
"/usr/local/eus/lisp"
